*** Using Compiler 'V5.06 update 7 (build 960)', folder: 'C:\Keil_v5\ARM\ARMCC\Bin'
Build target 'Target 1'
compiling stm32f4xx_hal_msp.c...
compiling adc.c...
compiling usart.c...
compiling main.c...
compiling stm32f4xx_it.c...
compiling tim.c...
compiling i2c.c...
compiling gpio.c...
compiling motor.c...
compiling dma.c...
compiling sys.c...
..\DRIVER\sys.c(40): warning:  #223-D: function "MOTOR_Init" declared implicitly
    MOTOR_Init();
..\DRIVER\sys.c: 1 warning, 0 errors
linking...
Program Size: Code=20162 RO-data=470 RW-data=20 ZI-data=1564  
".\Objects\FLIGHT.axf" - 0 Error(s), 1 Warning(s).
Build Time Elapsed:  00:00:04
